<?xml version="1.0" encoding="UTF-8"?>
<!-- Generated by org.testng.reporters.JUnitReportReporter -->
<testsuite hostname="ArvindKumar-2M94KX3" failures="0" tests="1" name="testCases.TC001_AccountRegistrationTest" time="1.658" errors="0" timestamp="2025-02-04T12:18:49 IST" skipped="0">
  <testcase classname="testCases.TC001_AccountRegistrationTest" name="verify_account_registration" time="1.658"/>
</testsuite> <!-- testCases.TC001_AccountRegistrationTest -->
