<?xml version="1.0" encoding="UTF-8"?>
<!-- Generated by org.testng.reporters.JUnitReportReporter -->
<testsuite hostname="ArvindKumar-2M94KX3" failures="0" tests="1" name="testCases.TC002_LoginTest" time="1.195" errors="0" timestamp="2025-02-04T12:18:49 IST" skipped="0">
  <testcase classname="testCases.TC002_LoginTest" name="verify_login" time="1.195"/>
</testsuite> <!-- testCases.TC002_LoginTest -->
